<?xml version="1.0" encoding="UTF-8"?>
<!-- Generated by org.testng.reporters.JUnitXMLReporter -->
<testsuite ignored="0" hostname="DESKTOP-SUQRPE6" failures="1" tests="1" name="chromeTest" time="0.079" errors="0" timestamp="2024-08-20T19:17:19 IST">
  <testcase classname="org.test.Practiceeight" name="test01" time="0.0">
    <failure type="org.testng.TestNGException" message="
Parameter &amp;apos;browsername&amp;apos; is required by @Test on method test01 but has not been marked @Optional or defined
in C:\Users\user\eclipse-workspace\practicaltestng\cross.xml">
      <![CDATA[org.testng.TestNGException: 
Parameter 'browsername' is required by @Test on method test01 but has not been marked @Optional or defined
in C:\Users\user\eclipse-workspace\practicaltestng\cross.xml
at java.base/java.util.ArrayList.forEach(ArrayList.java:1511)
at java.base/java.util.concurrent.FutureTask.run(FutureTask.java:264)
at java.base/java.util.concurrent.ThreadPoolExecutor.runWorker(ThreadPoolExecutor.java:1136)
at java.base/java.util.concurrent.ThreadPoolExecutor$Worker.run(ThreadPoolExecutor.java:635)
at java.base/java.lang.Thread.run(Thread.java:840)
... Removed 17 stack frames]]>
    </failure>
  </testcase> <!-- test01 -->
</testsuite> <!-- chromeTest -->
